<?xml version="1.1" encoding="UTF-8"?>
<testsuite name="pij.ryan.durling.models.PastMeetingTest" tests="2" failures="0" errors="0" timestamp="2014-02-10T17:42:57" hostname="Leibniz.local" time="0.001">
  <properties/>
  <testcase name="shouldHaveNotesOfTheMeeting" classname="pij.ryan.durling.models.PastMeetingTest" time="0.001"/>
  <testcase name="shouldHaveAnEmptyStringIfNoNotes" classname="pij.ryan.durling.models.PastMeetingTest" time="0.0"/>
  <system-out><![CDATA[]]></system-out>
  <system-err><![CDATA[]]></system-err>
</testsuite>
