<?xml version="1.1" encoding="UTF-8"?>
<testsuite name="pij.ryan.durling.models.PastMeetingTest" tests="2" failures="0" errors="0" timestamp="2014-02-09T23:49:40" hostname="leibniz.home" time="0.002">
  <properties/>
  <testcase name="shouldHaveNotesOfTheMeeting" classname="pij.ryan.durling.models.PastMeetingTest" time="0.001"/>
  <testcase name="shouldHaveAnEmptyStringIfNoNotes" classname="pij.ryan.durling.models.PastMeetingTest" time="0.001"/>
  <system-out><![CDATA[]]></system-out>
  <system-err><![CDATA[]]></system-err>
</testsuite>
