<?xml version="1.1" encoding="UTF-8"?>
<testsuite name="pij.ryan.durling.models.MeetingTest" tests="3" failures="0" errors="0" timestamp="2014-02-09T23:49:40" hostname="leibniz.home" time="0.001">
  <properties/>
  <testcase name="shouldThrowExceptionIfContactsAreNull" classname="pij.ryan.durling.models.MeetingTest" time="0.0"/>
  <testcase name="shouldHaveAnIdDateAndContacts" classname="pij.ryan.durling.models.MeetingTest" time="0.0"/>
  <testcase name="shouldThrowExceptionIfContactsAreEmpty" classname="pij.ryan.durling.models.MeetingTest" time="0.0"/>
  <system-out><![CDATA[]]></system-out>
  <system-err><![CDATA[]]></system-err>
</testsuite>
