<?xml version="1.1" encoding="UTF-8"?>
<testsuite name="pij.ryan.durling.factories.MeetingFactoryTest" tests="2" failures="0" errors="0" timestamp="2014-02-10T17:42:57" hostname="Leibniz.local" time="0.007">
  <properties/>
  <testcase name="shouldBeAbleToGetAnInstanceOfAFutureMeeting" classname="pij.ryan.durling.factories.MeetingFactoryTest" time="0.006"/>
  <testcase name="shouldBeAbleToGetAnInstanceOfAPastMeeting" classname="pij.ryan.durling.factories.MeetingFactoryTest" time="0.001"/>
  <system-out><![CDATA[]]></system-out>
  <system-err><![CDATA[]]></system-err>
</testsuite>
