<?xml version="1.1" encoding="UTF-8"?>
<testsuite name="pij.ryan.durling.factories.ContactFactoryTest" tests="1" failures="0" errors="0" timestamp="2014-02-06T22:25:35" hostname="leibniz.home" time="0.007">
  <properties/>
  <testcase name="shouldGetAnInstanceOfAContact" classname="pij.ryan.durling.factories.ContactFactoryTest" time="0.007"/>
  <system-out><![CDATA[]]></system-out>
  <system-err><![CDATA[]]></system-err>
</testsuite>
