<?xml version="1.1" encoding="UTF-8"?>
<testsuite name="pij.ryan.durling.generators.IdGeneratorTest" tests="2" failures="0" errors="0" timestamp="2014-02-27T00:03:31" hostname="ryans-mbp.home" time="0.0">
  <properties/>
  <testcase name="shouldGetAnIncrementedNumberForAMeetingId" classname="pij.ryan.durling.generators.IdGeneratorTest" time="0.0"/>
  <testcase name="shouldGetAnIncrementedNumberForAContactId" classname="pij.ryan.durling.generators.IdGeneratorTest" time="0.0"/>
  <system-out><![CDATA[]]></system-out>
  <system-err><![CDATA[]]></system-err>
</testsuite>
