<?xml version="1.1" encoding="UTF-8"?>
<testsuite name="pij.ryan.durling.factories.ContactFactoryTest" tests="1" failures="0" errors="0" timestamp="2014-02-27T00:03:31" hostname="ryans-mbp.home" time="0.005">
  <properties/>
  <testcase name="shouldGetAnInstanceOfAContact" classname="pij.ryan.durling.factories.ContactFactoryTest" time="0.005"/>
  <system-out><![CDATA[]]></system-out>
  <system-err><![CDATA[]]></system-err>
</testsuite>
