<?xml version="1.1" encoding="UTF-8"?>
<testsuite name="pij.ryan.durling.exceptions.InvalidMeetingExceptionTest" tests="1" failures="0" errors="0" timestamp="2014-02-09T23:49:40" hostname="leibniz.home" time="0.004">
  <properties/>
  <testcase name="shouldGiveACustomMessageWhenThrown" classname="pij.ryan.durling.exceptions.InvalidMeetingExceptionTest" time="0.004"/>
  <system-out><![CDATA[]]></system-out>
  <system-err><![CDATA[]]></system-err>
</testsuite>
