<?xml version="1.1" encoding="UTF-8"?>
<testsuite name="pij.ryan.durling.models.MeetingTest" tests="3" failures="0" errors="0" timestamp="2014-03-03T15:25:12" hostname="Ryans-MacBook-Pro.local" time="0.002">
  <properties/>
  <testcase name="shouldThrowExceptionIfContactsAreNull" classname="pij.ryan.durling.models.MeetingTest" time="0.001"/>
  <testcase name="shouldHaveAnIdDateAndContacts" classname="pij.ryan.durling.models.MeetingTest" time="0.0"/>
  <testcase name="shouldThrowExceptionIfContactsAreEmpty" classname="pij.ryan.durling.models.MeetingTest" time="0.001"/>
  <system-out><![CDATA[]]></system-out>
  <system-err><![CDATA[]]></system-err>
</testsuite>
