<?xml version="1.1" encoding="UTF-8"?>
<testsuite name="pij.ryan.durling.serializers.SerializersTest" tests="2" failures="0" errors="0" timestamp="2014-02-10T17:42:57" hostname="Leibniz.local" time="0.026">
  <properties/>
  <testcase name="shouldKnowIfDataFileExists" classname="pij.ryan.durling.serializers.SerializersTest" time="0.018"/>
  <testcase name="shouldSerializeAndDeserializeMeetingsAndContacts" classname="pij.ryan.durling.serializers.SerializersTest" time="0.008"/>
  <system-out><![CDATA[]]></system-out>
  <system-err><![CDATA[]]></system-err>
</testsuite>
