<?xml version="1.1" encoding="UTF-8"?>
<testsuite name="pij.ryan.durling.factories.ContactFactoryTest" tests="1" failures="0" errors="0" timestamp="2014-03-03T15:25:12" hostname="Ryans-MacBook-Pro.local" time="0.004">
  <properties/>
  <testcase name="shouldGetAnInstanceOfAContact" classname="pij.ryan.durling.factories.ContactFactoryTest" time="0.004"/>
  <system-out><![CDATA[]]></system-out>
  <system-err><![CDATA[]]></system-err>
</testsuite>
