<?xml version="1.1" encoding="UTF-8"?>
<testsuite name="pij.ryan.durling.exceptions.InvalidMeetingExceptionTest" tests="1" failures="0" errors="0" timestamp="2014-03-03T15:25:12" hostname="Ryans-MacBook-Pro.local" time="0.001">
  <properties/>
  <testcase name="shouldGiveACustomMessageWhenThrown" classname="pij.ryan.durling.exceptions.InvalidMeetingExceptionTest" time="0.001"/>
  <system-out><![CDATA[]]></system-out>
  <system-err><![CDATA[]]></system-err>
</testsuite>
